
; 64tass Turbo Assembler Macro V1.57.2900 listing file
; 64tass "-D MONITOR_ADDRESS=\$E000" "-D LOCKOUT_ADDRESS=\$F000" "-D BASIC_ADDRESS=\$8000" "-D SOURCE_ADDRESS=\$3000" "-D SPRITE_ADDRESS=\$30000" -q -c -b -o lockout.rom -L output/lockout.lst lockout.asm
; Sun Nov 20 05:17:58 2022

;Offset	;Hex		;Monitor	;Source

;******  Command line definitions

=$e000					 MONITOR_ADDRESS=$E000
=$f000					 LOCKOUT_ADDRESS=$F000
=$8000					 BASIC_ADDRESS=$8000
=$3000					 SOURCE_ADDRESS=$3000
=$30000					 SPRITE_ADDRESS=$30000

;******  Processing input file: lockout.asm

.f000					NMIHandler:
.f000					IRQHandler:
.f000	40		rti				rti
.f001					SystemReset:
.f001	4c 01 f0	jmp $f001			jmp 	SystemReset
>fffa	00 f0					.word 	NMIHandler                       	; nmi ($FFFA)
>fffc	01 f0					.word 	SystemReset                         ; reset ($FFFC)
>fffe	00 f0					.word 	IRQHandler                          ; irq ($FFFE)

;******  End of listing
